<?xml version="1.0" encoding="UTF-8"?>
<testng-results skipped="0" failed="0" ignored="0" total="1" passed="1">
  <reporter-output>
  </reporter-output>
  <suite name="Suite" duration-ms="6453" started-at="2021-05-24T22:58:01 IST" finished-at="2021-05-24T22:58:08 IST">
    <groups>
    </groups>
    <test name="Test" duration-ms="6453" started-at="2021-05-24T22:58:01 IST" finished-at="2021-05-24T22:58:08 IST">
      <class name="training.Alert">
        <test-method status="PASS" signature="Alert()[pri:0, instance:training.Alert@1814d18]" name="Alert" duration-ms="6391" started-at="2021-05-24T22:58:01 IST" finished-at="2021-05-24T22:58:08 IST">
          <reporter-output>
          </reporter-output>
        </test-method> <!-- Alert -->
      </class> <!-- training.Alert -->
    </test> <!-- Test -->
  </suite> <!-- Suite -->
</testng-results>
